# Signing Verification Log for Code Scalpel v1.5.5

**Generated:** 2025-12-14
**Cosign Version:** v3.0.2
**Platform:** windows/amd64

## Artifacts Signed

### Wheel Package
- **File:** code_scalpel-1.5.5.dev0-py3-none-any.whl
- **Bundle:** code_scalpel-1.5.5.dev0-py3-none-any.whl.bundle
- **Status:** ✅ Verified OK

### Source Distribution
- **File:** code_scalpel-1.5.5.dev0.tar.gz
- **Bundle:** code_scalpel-1.5.5.dev0.tar.gz.bundle
- **Status:** ✅ Verified OK

## Verification Commands

To verify the wheel signature:
```bash
cosign verify-blob \
  --key release_artifacts/v1.5.5/cosign.pub \
  --bundle release_artifacts/v1.5.5/code_scalpel-1.5.5.dev0-py3-none-any.whl.bundle \
  dist/code_scalpel-1.5.5.dev0-py3-none-any.whl
```

To verify the tarball signature:
```bash
cosign verify-blob \
  --key release_artifacts/v1.5.5/cosign.pub \
  --bundle release_artifacts/v1.5.5/code_scalpel-1.5.5.dev0.tar.gz.bundle \
  dist/code_scalpel-1.5.5.dev0.tar.gz
```

## Public Key Location

The public key is stored at:
- `release_artifacts/v1.5.5/cosign.pub`
- Same key as v1.5.4 for continuity

## Signing Process

1. Artifacts built using `python -m build`
2. Each artifact signed with cosign using local key pair
3. Bundles stored in release_artifacts/v1.5.5/
4. Verification confirmed with `cosign verify-blob`

## Notes

- Key pair generated for v1.5.4 release is reused
- All signatures use Sigstore transparency log
- Bundles contain all information needed for offline verification
